<?xml version="1.0" encoding="UTF-8"?>
<!-- Generated by org.testng.reporters.JUnitReportReporter -->
<testsuite hostname="LAPTOP-10K7DP0P" failures="0" tests="2" name="calculator.StringCalculatorShould" time="0.047" errors="0" timestamp="2021-10-17T14:17:00 IST" skipped="0">
  <testcase classname="calculator.StringCalculatorShould" name="emptyStringReturnzero" time="0.040"/>
  <system-out/>
  <testcase classname="calculator.StringCalculatorShould" name="singleValueIsReplied" time="0.007"/>
  <system-out/>
</testsuite> <!-- calculator.StringCalculatorShould -->
