<?xml version="1.0" encoding="UTF-8"?>
<!-- Generated by org.testng.reporters.JUnitReportReporter -->
<testsuite hostname="LAPTOP-10K7DP0P" failures="0" tests="4" name="calculator.StringCalculatorShould" time="0.050" errors="0" timestamp="2021-10-17T15:38:50 IST" skipped="0">
  <testcase classname="calculator.StringCalculatorShould" name="twoNumberNewLineDilimter" time="0.008"/>
  <system-out/>
  <testcase classname="calculator.StringCalculatorShould" name="emptyStringReturnzero" time="0.028"/>
  <system-out/>
  <testcase classname="calculator.StringCalculatorShould" name="singleValueIsReplied" time="0.004"/>
  <system-out/>
  <testcase classname="calculator.StringCalculatorShould" name="twoNumbersCommaDelimited" time="0.010"/>
  <system-out/>
</testsuite> <!-- calculator.StringCalculatorShould -->
