<?xml version="1.0" encoding="UTF-8"?>
<!-- Generated by org.testng.reporters.JUnitReportReporter -->
<testsuite hostname="LAPTOP-10K7DP0P" failures="0" tests="6" name="calculator.StringCalculatorShould" time="0.060" errors="0" timestamp="2021-10-17T17:29:11 IST" skipped="0">
  <testcase classname="calculator.StringCalculatorShould" name="singleValueIsReplied" time="0.006"/>
  <system-out/>
  <testcase classname="calculator.StringCalculatorShould" name="emptyStringReturnzero" time="0.030"/>
  <system-out/>
  <testcase classname="calculator.StringCalculatorShould" name="twoNumberNewLineDilimter" time="0.008"/>
  <system-out/>
  <testcase classname="calculator.StringCalculatorShould" name="negativeNumberException" time="0.004"/>
  <system-out/>
  <testcase classname="calculator.StringCalculatorShould" name="twoNumbersCommaDelimited" time="0.004"/>
  <system-out/>
  <testcase classname="calculator.StringCalculatorShould" name="threeNumbersDelimitedBoth" time="0.008"/>
  <system-out/>
</testsuite> <!-- calculator.StringCalculatorShould -->
