<?xml version="1.0" encoding="UTF-8"?>
<!-- Generated by org.testng.reporters.JUnitReportReporter -->
<testsuite hostname="LAPTOP-10K7DP0P" failures="0" tests="3" name="calculator.StringCalculatorShould" time="0.045" errors="0" timestamp="2021-10-17T14:53:41 IST" skipped="0">
  <testcase classname="calculator.StringCalculatorShould" name="emptyStringReturnzero" time="0.032"/>
  <system-out/>
  <testcase classname="calculator.StringCalculatorShould" name="singleValueIsReplied" time="0.007"/>
  <system-out/>
  <testcase classname="calculator.StringCalculatorShould" name="twoNumbersCommaDelimited" time="0.006"/>
  <system-out/>
</testsuite> <!-- calculator.StringCalculatorShould -->
