<?xml version="1.0" encoding="UTF-8"?>
<!-- Generated by org.testng.reporters.JUnitReportReporter -->
<testsuite hostname="LAPTOP-10K7DP0P" failures="0" tests="1" name="calculator.StringCalculatorShould" time="0.021" errors="0" timestamp="2021-10-17T14:36:19 IST" skipped="0">
  <testcase classname="calculator.StringCalculatorShould" name="emptyStringReturnzero" time="0.021"/>
  <system-out/>
</testsuite> <!-- calculator.StringCalculatorShould -->
